<?xml version="1.0" encoding="UTF-8"?>
<!-- Generated by org.testng.reporters.JUnitReportReporter -->
<testsuite hostname="ASUS" failures="0" tests="1" name="Academy.LandingPageTest" time="16.509" errors="0" timestamp="2020-12-13T14:50:01 IST" skipped="0">
  <testcase classname="Academy.LandingPageTest" name="FirstTest" time="16.509"/>
  <system-out/>
</testsuite> <!-- Academy.LandingPageTest -->
