<?xml version="1.0" encoding="UTF-8"?>
<!-- Generated by org.testng.reporters.JUnitReportReporter -->
<testsuite hostname="ASUS" failures="0" tests="1" name="Academy.LandingPageTest" time="15.741" errors="0" timestamp="09 Dec 2020 15:53:13 GMT" skipped="0">
  <testcase classname="Academy.LandingPageTest" name="FirstTest" time="15.741"/>
</testsuite> <!-- Academy.LandingPageTest -->
